2025-05-05 09:21:57 [31merror[39m: TypeError: argument handler is required
    at Route.<computed> [as post] (C:\Users\user\Desktop\code\staakX\backend\node_modules\router\lib\route.js:221:13)
    at Router.<computed> [as post] (C:\Users\user\Desktop\code\staakX\backend\node_modules\router\index.js:448:19)
    at file:///C:/Users/user/Desktop/code/staakX/backend/src/routes/router.ts:10:8
    at ModuleJob.run (node:internal/modules/esm/module_job:268:25)
    at async onImport.tracePromise.__proto__ (node:internal/modules/esm/loader:543:26)
    at async asyncRunEntryPointWithESMLoader (node:internal/modules/run_main:116:5)
2025-05-12 06:24:32 [31merror[39m: Error: @prisma/client did not initialize yet. Please run "prisma generate" and try to import it again.
    at new PrismaClient (C:\Users\user\Desktop\code\staakX\backend\node_modules\.prisma\client\default.js:43:11)
    at file:///C:/Users/user/Desktop/code/staakX/backend/src/lib/prisma.ts:3:5
    at ModuleJob.run (node:internal/modules/esm/module_job:268:25)
    at async onImport.tracePromise.__proto__ (node:internal/modules/esm/loader:543:26)
    at async asyncRunEntryPointWithESMLoader (node:internal/modules/run_main:116:5)
2025-05-12 06:27:22 [31merror[39m: Error: @prisma/client did not initialize yet. Please run "prisma generate" and try to import it again.
    at new PrismaClient (C:\Users\user\Desktop\code\staakX\backend\node_modules\.prisma\client\default.js:43:11)
    at file:///C:/Users/user/Desktop/code/staakX/backend/src/lib/prisma.ts:3:5
    at ModuleJob.run (node:internal/modules/esm/module_job:268:25)
    at async onImport.tracePromise.__proto__ (node:internal/modules/esm/loader:543:26)
    at async asyncRunEntryPointWithESMLoader (node:internal/modules/run_main:116:5)
2025-05-12 06:29:12 [31merror[39m: Error: @prisma/client did not initialize yet. Please run "prisma generate" and try to import it again.
    at new PrismaClient (C:\Users\user\Desktop\code\staakX\backend\node_modules\.prisma\client\default.js:43:11)
    at file:///C:/Users/user/Desktop/code/staakX/backend/src/lib/prisma.ts:3:5
    at ModuleJob.run (node:internal/modules/esm/module_job:268:25)
    at async onImport.tracePromise.__proto__ (node:internal/modules/esm/loader:543:26)
    at async asyncRunEntryPointWithESMLoader (node:internal/modules/run_main:116:5)
2025-05-12 06:29:55 [31merror[39m: Error: @prisma/client did not initialize yet. Please run "prisma generate" and try to import it again.
    at new PrismaClient (C:\Users\user\Desktop\code\staakX\backend\node_modules\.prisma\client\default.js:43:11)
    at file:///C:/Users/user/Desktop/code/staakX/backend/src/lib/prisma.ts:3:5
    at ModuleJob.run (node:internal/modules/esm/module_job:268:25)
    at async onImport.tracePromise.__proto__ (node:internal/modules/esm/loader:543:26)
    at async asyncRunEntryPointWithESMLoader (node:internal/modules/run_main:116:5)
2025-05-12 06:30:33 [31merror[39m: Error: @prisma/client did not initialize yet. Please run "prisma generate" and try to import it again.
    at new PrismaClient (C:\Users\user\Desktop\code\staakX\backend\node_modules\.prisma\client\default.js:43:11)
    at file:///C:/Users/user/Desktop/code/staakX/backend/src/lib/prisma.ts:3:5
    at ModuleJob.run (node:internal/modules/esm/module_job:268:25)
    at async onImport.tracePromise.__proto__ (node:internal/modules/esm/loader:543:26)
    at async asyncRunEntryPointWithESMLoader (node:internal/modules/run_main:116:5)
2025-05-12 06:34:00 [31merror[39m: Error: @prisma/client did not initialize yet. Please run "prisma generate" and try to import it again.
    at new PrismaClient (C:\Users\user\Desktop\code\staakX\backend\node_modules\.prisma\client\default.js:43:11)
    at file:///C:/Users/user/Desktop/code/staakX/backend/src/lib/prisma.ts:3:5
    at ModuleJob.run (node:internal/modules/esm/module_job:268:25)
    at async onImport.tracePromise.__proto__ (node:internal/modules/esm/loader:543:26)
    at async asyncRunEntryPointWithESMLoader (node:internal/modules/run_main:116:5)
2025-05-12 06:34:25 [31merror[39m: Error: @prisma/client did not initialize yet. Please run "prisma generate" and try to import it again.
    at new PrismaClient (C:\Users\user\Desktop\code\staakX\backend\node_modules\.prisma\client\default.js:43:11)
    at file:///C:/Users/user/Desktop/code/staakX/backend/src/lib/prisma.ts:3:5
    at ModuleJob.run (node:internal/modules/esm/module_job:268:25)
    at async onImport.tracePromise.__proto__ (node:internal/modules/esm/loader:543:26)
    at async asyncRunEntryPointWithESMLoader (node:internal/modules/run_main:116:5)
2025-05-12 06:36:04 [31merror[39m: Error: @prisma/client did not initialize yet. Please run "prisma generate" and try to import it again.
    at new PrismaClient (C:\Users\user\Desktop\code\staakX\backend\node_modules\.prisma\client\default.js:43:11)
    at file:///C:/Users/user/Desktop/code/staakX/backend/src/lib/prisma.ts:3:5
    at ModuleJob.run (node:internal/modules/esm/module_job:268:25)
    at async onImport.tracePromise.__proto__ (node:internal/modules/esm/loader:543:26)
    at async asyncRunEntryPointWithESMLoader (node:internal/modules/run_main:116:5)
2025-05-12 06:37:46 [31merror[39m: Error: @prisma/client did not initialize yet. Please run "prisma generate" and try to import it again.
    at new PrismaClient (C:\Users\user\Desktop\code\staakX\backend\node_modules\.prisma\client\default.js:43:11)
    at file:///C:/Users/user/Desktop/code/staakX/backend/src/lib/prisma.ts:3:5
    at ModuleJob.run (node:internal/modules/esm/module_job:268:25)
    at async onImport.tracePromise.__proto__ (node:internal/modules/esm/loader:543:26)
    at async asyncRunEntryPointWithESMLoader (node:internal/modules/run_main:116:5)
